2022-04-13 10:30:56.164 [http-nio-80-exec-2] ERROR c.rachein.demo.interception.GlobalExceptionHandler - com.rachein.demo.excpetors.GlobalException: CodeMsg [code=50204, msg=没有找到匹配的人员]
2022-04-13 10:32:34.906 [http-nio-80-exec-6] ERROR c.rachein.demo.interception.GlobalExceptionHandler - org.springframework.http.converter.HttpMessageNotReadableException: Required request body is missing: public com.rachein.demo.result.ResultVo<cn.dev33.satoken.stp.SaTokenInfo> com.rachein.demo.Rachein.controller.UserController.login2(com.rachein.demo.entity.ro.LoginRO)
2022-04-13 10:33:30.961 [http-nio-80-exec-7] ERROR c.rachein.demo.interception.GlobalExceptionHandler - cn.dev33.satoken.exception.NotLoginException: 未提供Token
2022-04-13 10:34:39.881 [http-nio-80-exec-10] ERROR c.rachein.demo.interception.GlobalExceptionHandler - org.springframework.jdbc.BadSqlGrammarException: 
### Error querying database.  Cause: java.sql.SQLSyntaxErrorException: You have an error in your SQL syntax; check the manual that corresponds to your MySQL server version for the right syntax to use near '== ${cid]' at line 1
### The error may exist in com/rachein/demo/Rachein/mapper/CourseStudentMapper.java (best guess)
### The error may involve com.rachein.demo.Rachein.mapper.CourseStudentMapper.selectListForSID-Inline
### The error occurred while setting parameters
### SQL: select student_id from student_course where course_id == ${cid]
### Cause: java.sql.SQLSyntaxErrorException: You have an error in your SQL syntax; check the manual that corresponds to your MySQL server version for the right syntax to use near '== ${cid]' at line 1
; bad SQL grammar []; nested exception is java.sql.SQLSyntaxErrorException: You have an error in your SQL syntax; check the manual that corresponds to your MySQL server version for the right syntax to use near '== ${cid]' at line 1
2022-04-13 10:35:49.224 [http-nio-80-exec-3] ERROR c.rachein.demo.interception.GlobalExceptionHandler - org.springframework.jdbc.BadSqlGrammarException: 
### Error querying database.  Cause: java.sql.SQLSyntaxErrorException: You have an error in your SQL syntax; check the manual that corresponds to your MySQL server version for the right syntax to use near '{cid]' at line 1
### The error may exist in com/rachein/demo/Rachein/mapper/CourseStudentMapper.java (best guess)
### The error may involve com.rachein.demo.Rachein.mapper.CourseStudentMapper.selectListForSID-Inline
### The error occurred while setting parameters
### SQL: select student_id from student_course where course_id = ${cid]
### Cause: java.sql.SQLSyntaxErrorException: You have an error in your SQL syntax; check the manual that corresponds to your MySQL server version for the right syntax to use near '{cid]' at line 1
; bad SQL grammar []; nested exception is java.sql.SQLSyntaxErrorException: You have an error in your SQL syntax; check the manual that corresponds to your MySQL server version for the right syntax to use near '{cid]' at line 1
2022-04-13 10:40:53.801 [http-nio-80-exec-7] ERROR c.rachein.demo.interception.GlobalExceptionHandler - com.rachein.demo.excpetors.GlobalException: CodeMsg [code=50201, msg=课程不存在！]
2022-04-13 10:51:39.715 [http-nio-80-exec-4] ERROR c.rachein.demo.interception.GlobalExceptionHandler - com.rachein.demo.excpetors.GlobalException: CodeMsg [code=50203, msg=你还没有选课哦！]
2022-04-13 10:53:02.264 [http-nio-80-exec-8] ERROR c.rachein.demo.interception.GlobalExceptionHandler - com.rachein.demo.excpetors.GlobalException: CodeMsg [code=50204, msg=没有找到匹配的人员]
2022-04-13 11:11:34.842 [http-nio-80-exec-7] ERROR c.rachein.demo.interception.GlobalExceptionHandler - com.rachein.demo.excpetors.GlobalException: CodeMsg [code=50203, msg=你还没有选课哦！]
2022-04-13 11:12:15.527 [http-nio-80-exec-2] ERROR c.rachein.demo.interception.GlobalExceptionHandler - com.rachein.demo.excpetors.GlobalException: CodeMsg [code=50202, msg=不可以重复选择此课程！]
2022-04-13 11:12:33.432 [http-nio-80-exec-5] ERROR c.rachein.demo.interception.GlobalExceptionHandler - com.rachein.demo.excpetors.GlobalException: CodeMsg [code=50201, msg=课程不存在！]
2022-04-13 11:13:02.751 [http-nio-80-exec-7] ERROR c.rachein.demo.interception.GlobalExceptionHandler - com.rachein.demo.excpetors.GlobalException: CodeMsg [code=50202, msg=不可以重复选择此课程！]
2022-04-13 11:16:28.182 [http-nio-80-exec-3] ERROR c.rachein.demo.interception.GlobalExceptionHandler - com.rachein.demo.excpetors.GlobalException: CodeMsg [code=50203, msg=你还没有选课哦！]
2022-04-13 11:17:20.645 [http-nio-80-exec-9] ERROR c.rachein.demo.interception.GlobalExceptionHandler - com.rachein.demo.excpetors.GlobalException: CodeMsg [code=50201, msg=课程不存在！]
2022-04-13 11:19:03.840 [http-nio-80-exec-6] ERROR c.rachein.demo.interception.GlobalExceptionHandler - com.rachein.demo.excpetors.GlobalException: CodeMsg [code=50203, msg=你还没有选课哦！]
2022-04-13 11:20:32.572 [http-nio-80-exec-4] ERROR c.rachein.demo.interception.GlobalExceptionHandler - com.rachein.demo.excpetors.GlobalException: CodeMsg [code=50202, msg=不可以重复选择此课程！]
2022-04-13 11:20:38.332 [http-nio-80-exec-5] ERROR c.rachein.demo.interception.GlobalExceptionHandler - com.rachein.demo.excpetors.GlobalException: CodeMsg [code=50201, msg=课程不存在！]
2022-04-13 11:21:20.305 [http-nio-80-exec-10] ERROR c.rachein.demo.interception.GlobalExceptionHandler - com.rachein.demo.excpetors.GlobalException: CodeMsg [code=50201, msg=课程不存在！]
2022-04-13 11:23:51.572 [http-nio-80-exec-10] ERROR c.rachein.demo.interception.GlobalExceptionHandler - com.rachein.demo.excpetors.GlobalException: CodeMsg [code=50201, msg=课程不存在！]
2022-04-13 11:36:32.130 [http-nio-80-exec-3] ERROR c.rachein.demo.interception.GlobalExceptionHandler - com.rachein.demo.excpetors.GlobalException: CodeMsg [code=50201, msg=课程不存在！]
2022-04-13 12:05:26.770 [http-nio-80-exec-7] ERROR c.rachein.demo.interception.GlobalExceptionHandler - org.springframework.web.HttpMediaTypeNotSupportedException: Content type 'application/x-www-form-urlencoded;charset=UTF-8' not supported
2022-04-13 12:11:17.394 [http-nio-80-exec-1] ERROR c.rachein.demo.interception.GlobalExceptionHandler - org.springframework.web.HttpMediaTypeNotSupportedException: Content type 'application/x-www-form-urlencoded;charset=UTF-8' not supported
2022-04-13 12:19:44.254 [http-nio-80-exec-7] ERROR c.rachein.demo.interception.GlobalExceptionHandler - org.springframework.web.HttpMediaTypeNotSupportedException: Content type 'application/x-www-form-urlencoded;charset=UTF-8' not supported
2022-04-13 14:05:09.866 [main] ERROR org.springframework.boot.SpringApplication - Application run failed
org.springframework.beans.factory.BeanDefinitionStoreException: Failed to parse configuration class [com.rachein.demo.DemoApplication]; nested exception is org.springframework.context.annotation.ConflictingBeanDefinitionException: Annotation-specified bean name 'globalExceptionHandler' for bean class [com.rachein.demo.interception.GlobalExceptionHandler] conflicts with existing, non-compatible bean definition of same name and class [com.rachein.demo.excpetors.GlobalExceptionHandler]
	at org.springframework.context.annotation.ConfigurationClassParser.parse(ConfigurationClassParser.java:189)
	at org.springframework.context.annotation.ConfigurationClassPostProcessor.processConfigBeanDefinitions(ConfigurationClassPostProcessor.java:319)
	at org.springframework.context.annotation.ConfigurationClassPostProcessor.postProcessBeanDefinitionRegistry(ConfigurationClassPostProcessor.java:236)
	at org.springframework.context.support.PostProcessorRegistrationDelegate.invokeBeanDefinitionRegistryPostProcessors(PostProcessorRegistrationDelegate.java:280)
	at org.springframework.context.support.PostProcessorRegistrationDelegate.invokeBeanFactoryPostProcessors(PostProcessorRegistrationDelegate.java:96)
	at org.springframework.context.support.AbstractApplicationContext.invokeBeanFactoryPostProcessors(AbstractApplicationContext.java:707)
	at org.springframework.context.support.AbstractApplicationContext.refresh(AbstractApplicationContext.java:533)
	at org.springframework.boot.web.servlet.context.ServletWebServerApplicationContext.refresh(ServletWebServerApplicationContext.java:143)
	at org.springframework.boot.SpringApplication.refresh(SpringApplication.java:758)
	at org.springframework.boot.SpringApplication.refresh(SpringApplication.java:750)
	at org.springframework.boot.SpringApplication.refreshContext(SpringApplication.java:405)
	at org.springframework.boot.SpringApplication.run(SpringApplication.java:315)
	at org.springframework.boot.SpringApplication.run(SpringApplication.java:1237)
	at org.springframework.boot.SpringApplication.run(SpringApplication.java:1226)
	at com.rachein.demo.DemoApplication.main(DemoApplication.java:13)
Caused by: org.springframework.context.annotation.ConflictingBeanDefinitionException: Annotation-specified bean name 'globalExceptionHandler' for bean class [com.rachein.demo.interception.GlobalExceptionHandler] conflicts with existing, non-compatible bean definition of same name and class [com.rachein.demo.excpetors.GlobalExceptionHandler]
	at org.springframework.context.annotation.ClassPathBeanDefinitionScanner.checkCandidate(ClassPathBeanDefinitionScanner.java:349)
	at org.springframework.context.annotation.ClassPathBeanDefinitionScanner.doScan(ClassPathBeanDefinitionScanner.java:287)
	at org.springframework.context.annotation.ComponentScanAnnotationParser.parse(ComponentScanAnnotationParser.java:132)
	at org.springframework.context.annotation.ConfigurationClassParser.doProcessConfigurationClass(ConfigurationClassParser.java:296)
	at org.springframework.context.annotation.ConfigurationClassParser.processConfigurationClass(ConfigurationClassParser.java:250)
	at org.springframework.context.annotation.ConfigurationClassParser.parse(ConfigurationClassParser.java:207)
	at org.springframework.context.annotation.ConfigurationClassParser.parse(ConfigurationClassParser.java:175)
	... 14 common frames omitted
2022-04-13 14:05:52.278 [main] ERROR org.springframework.boot.SpringApplication - Application run failed
org.springframework.beans.factory.BeanDefinitionStoreException: Failed to parse configuration class [com.rachein.demo.DemoApplication]; nested exception is org.springframework.context.annotation.ConflictingBeanDefinitionException: Annotation-specified bean name 'globalExceptionHandler' for bean class [com.rachein.demo.interception.GlobalExceptionHandler] conflicts with existing, non-compatible bean definition of same name and class [com.rachein.demo.excpetors.GlobalExceptionHandler]
	at org.springframework.context.annotation.ConfigurationClassParser.parse(ConfigurationClassParser.java:189)
	at org.springframework.context.annotation.ConfigurationClassPostProcessor.processConfigBeanDefinitions(ConfigurationClassPostProcessor.java:319)
	at org.springframework.context.annotation.ConfigurationClassPostProcessor.postProcessBeanDefinitionRegistry(ConfigurationClassPostProcessor.java:236)
	at org.springframework.context.support.PostProcessorRegistrationDelegate.invokeBeanDefinitionRegistryPostProcessors(PostProcessorRegistrationDelegate.java:280)
	at org.springframework.context.support.PostProcessorRegistrationDelegate.invokeBeanFactoryPostProcessors(PostProcessorRegistrationDelegate.java:96)
	at org.springframework.context.support.AbstractApplicationContext.invokeBeanFactoryPostProcessors(AbstractApplicationContext.java:707)
	at org.springframework.context.support.AbstractApplicationContext.refresh(AbstractApplicationContext.java:533)
	at org.springframework.boot.web.servlet.context.ServletWebServerApplicationContext.refresh(ServletWebServerApplicationContext.java:143)
	at org.springframework.boot.SpringApplication.refresh(SpringApplication.java:758)
	at org.springframework.boot.SpringApplication.refresh(SpringApplication.java:750)
	at org.springframework.boot.SpringApplication.refreshContext(SpringApplication.java:405)
	at org.springframework.boot.SpringApplication.run(SpringApplication.java:315)
	at org.springframework.boot.SpringApplication.run(SpringApplication.java:1237)
	at org.springframework.boot.SpringApplication.run(SpringApplication.java:1226)
	at com.rachein.demo.DemoApplication.main(DemoApplication.java:13)
Caused by: org.springframework.context.annotation.ConflictingBeanDefinitionException: Annotation-specified bean name 'globalExceptionHandler' for bean class [com.rachein.demo.interception.GlobalExceptionHandler] conflicts with existing, non-compatible bean definition of same name and class [com.rachein.demo.excpetors.GlobalExceptionHandler]
	at org.springframework.context.annotation.ClassPathBeanDefinitionScanner.checkCandidate(ClassPathBeanDefinitionScanner.java:349)
	at org.springframework.context.annotation.ClassPathBeanDefinitionScanner.doScan(ClassPathBeanDefinitionScanner.java:287)
	at org.springframework.context.annotation.ComponentScanAnnotationParser.parse(ComponentScanAnnotationParser.java:132)
	at org.springframework.context.annotation.ConfigurationClassParser.doProcessConfigurationClass(ConfigurationClassParser.java:296)
	at org.springframework.context.annotation.ConfigurationClassParser.processConfigurationClass(ConfigurationClassParser.java:250)
	at org.springframework.context.annotation.ConfigurationClassParser.parse(ConfigurationClassParser.java:207)
	at org.springframework.context.annotation.ConfigurationClassParser.parse(ConfigurationClassParser.java:175)
	... 14 common frames omitted
2022-04-13 14:07:37.679 [main] ERROR org.springframework.boot.SpringApplication - Application run failed
org.springframework.beans.factory.BeanDefinitionStoreException: Failed to parse configuration class [com.rachein.demo.DemoApplication]; nested exception is org.springframework.context.annotation.ConflictingBeanDefinitionException: Annotation-specified bean name 'globalExceptionHandler' for bean class [com.rachein.demo.interception.GlobalExceptionHandler] conflicts with existing, non-compatible bean definition of same name and class [com.rachein.demo.excpetors.GlobalExceptionHandler]
	at org.springframework.context.annotation.ConfigurationClassParser.parse(ConfigurationClassParser.java:189)
	at org.springframework.context.annotation.ConfigurationClassPostProcessor.processConfigBeanDefinitions(ConfigurationClassPostProcessor.java:319)
	at org.springframework.context.annotation.ConfigurationClassPostProcessor.postProcessBeanDefinitionRegistry(ConfigurationClassPostProcessor.java:236)
	at org.springframework.context.support.PostProcessorRegistrationDelegate.invokeBeanDefinitionRegistryPostProcessors(PostProcessorRegistrationDelegate.java:280)
	at org.springframework.context.support.PostProcessorRegistrationDelegate.invokeBeanFactoryPostProcessors(PostProcessorRegistrationDelegate.java:96)
	at org.springframework.context.support.AbstractApplicationContext.invokeBeanFactoryPostProcessors(AbstractApplicationContext.java:707)
	at org.springframework.context.support.AbstractApplicationContext.refresh(AbstractApplicationContext.java:533)
	at org.springframework.boot.web.servlet.context.ServletWebServerApplicationContext.refresh(ServletWebServerApplicationContext.java:143)
	at org.springframework.boot.SpringApplication.refresh(SpringApplication.java:758)
	at org.springframework.boot.SpringApplication.refresh(SpringApplication.java:750)
	at org.springframework.boot.SpringApplication.refreshContext(SpringApplication.java:405)
	at org.springframework.boot.SpringApplication.run(SpringApplication.java:315)
	at org.springframework.boot.SpringApplication.run(SpringApplication.java:1237)
	at org.springframework.boot.SpringApplication.run(SpringApplication.java:1226)
	at com.rachein.demo.DemoApplication.main(DemoApplication.java:13)
Caused by: org.springframework.context.annotation.ConflictingBeanDefinitionException: Annotation-specified bean name 'globalExceptionHandler' for bean class [com.rachein.demo.interception.GlobalExceptionHandler] conflicts with existing, non-compatible bean definition of same name and class [com.rachein.demo.excpetors.GlobalExceptionHandler]
	at org.springframework.context.annotation.ClassPathBeanDefinitionScanner.checkCandidate(ClassPathBeanDefinitionScanner.java:349)
	at org.springframework.context.annotation.ClassPathBeanDefinitionScanner.doScan(ClassPathBeanDefinitionScanner.java:287)
	at org.springframework.context.annotation.ComponentScanAnnotationParser.parse(ComponentScanAnnotationParser.java:132)
	at org.springframework.context.annotation.ConfigurationClassParser.doProcessConfigurationClass(ConfigurationClassParser.java:296)
	at org.springframework.context.annotation.ConfigurationClassParser.processConfigurationClass(ConfigurationClassParser.java:250)
	at org.springframework.context.annotation.ConfigurationClassParser.parse(ConfigurationClassParser.java:207)
	at org.springframework.context.annotation.ConfigurationClassParser.parse(ConfigurationClassParser.java:175)
	... 14 common frames omitted
2022-04-13 15:16:57.183 [http-nio-80-exec-1] ERROR com.rachein.demo.excpetors.GlobalExceptionHandler - com.rachein.demo.excpetors.GlobalException: CodeMsg [code=50005, msg=账号不存在！]
2022-04-13 15:17:17.840 [http-nio-80-exec-2] ERROR com.rachein.demo.excpetors.GlobalExceptionHandler - com.rachein.demo.excpetors.GlobalException: CodeMsg [code=50005, msg=账号不存在！]
2022-04-13 15:17:34.772 [http-nio-80-exec-3] ERROR com.rachein.demo.excpetors.GlobalExceptionHandler - com.rachein.demo.excpetors.GlobalException: CodeMsg [code=50006, msg=密码错误！]
2022-04-13 15:18:03.669 [http-nio-80-exec-6] ERROR com.rachein.demo.excpetors.GlobalExceptionHandler - com.rachein.demo.excpetors.GlobalException: CodeMsg [code=50203, msg=你还没有选课哦！]
2022-04-13 16:10:46.998 [http-nio-80-exec-10] ERROR com.rachein.demo.excpetors.GlobalExceptionHandler - org.springframework.http.converter.HttpMessageNotReadableException: Required request body is missing: public com.rachein.demo.result.ResultVo<cn.dev33.satoken.stp.SaTokenInfo> com.rachein.demo.Rachein.controller.UserController.login2(com.rachein.demo.entity.ro.LoginRO)
2022-04-13 20:24:22.990 [http-nio-80-exec-1] ERROR com.rachein.demo.excpetors.GlobalExceptionHandler - cn.dev33.satoken.exception.NotLoginException: 未提供Token
2022-04-13 20:24:23.188 [http-nio-80-exec-2] ERROR com.rachein.demo.excpetors.GlobalExceptionHandler - cn.dev33.satoken.exception.NotLoginException: 未提供Token
2022-04-13 20:30:52.911 [http-nio-80-exec-1] ERROR com.rachein.demo.excpetors.GlobalExceptionHandler - cn.dev33.satoken.exception.NotLoginException: 未提供Token
2022-04-13 20:41:00.084 [http-nio-80-exec-1] ERROR com.rachein.demo.excpetors.GlobalExceptionHandler - cn.dev33.satoken.exception.NotLoginException: 未提供Token
2022-04-13 20:41:27.214 [http-nio-80-exec-2] ERROR com.rachein.demo.excpetors.GlobalExceptionHandler - cn.dev33.satoken.exception.NotLoginException: 未提供Token
2022-04-13 20:44:47.081 [http-nio-80-exec-2] ERROR com.rachein.demo.excpetors.GlobalExceptionHandler - com.rachein.demo.excpetors.GlobalException: CodeMsg [code=50203, msg=你还没有选课哦！]
2022-04-13 20:47:29.847 [http-nio-80-exec-2] ERROR com.rachein.demo.excpetors.GlobalExceptionHandler - com.rachein.demo.excpetors.GlobalException: CodeMsg [code=50203, msg=你还没有选课哦！]
2022-04-13 20:50:51.987 [http-nio-80-exec-2] ERROR com.rachein.demo.excpetors.GlobalExceptionHandler - com.rachein.demo.excpetors.GlobalException: CodeMsg [code=50203, msg=你还没有选课哦！]
2022-04-13 20:51:05.260 [http-nio-80-exec-3] ERROR com.rachein.demo.excpetors.GlobalExceptionHandler - com.rachein.demo.excpetors.GlobalException: CodeMsg [code=50201, msg=课程不存在！]
2022-04-13 20:53:28.909 [http-nio-80-exec-2] ERROR com.rachein.demo.excpetors.GlobalExceptionHandler - cn.dev33.satoken.exception.NotLoginException: 未提供Token
2022-04-13 20:53:35.382 [http-nio-80-exec-4] ERROR com.rachein.demo.excpetors.GlobalExceptionHandler - com.rachein.demo.excpetors.GlobalException: CodeMsg [code=50203, msg=你还没有选课哦！]
2022-04-13 20:55:57.182 [http-nio-80-exec-2] ERROR com.rachein.demo.excpetors.GlobalExceptionHandler - java.lang.ClassCastException: java.base/java.lang.String cannot be cast to java.base/java.lang.Integer
2022-04-13 21:00:36.334 [http-nio-80-exec-2] ERROR com.rachein.demo.excpetors.GlobalExceptionHandler - java.lang.ClassCastException: java.base/java.lang.String cannot be cast to java.base/java.lang.Integer
