2022-04-13 11:19:35.752 [http-nio-80-exec-8] WARN  org.springframework.web.servlet.PageNotFound - No mapping for GET /course/entry/
2022-04-13 11:43:48.796 [http-nio-80-exec-1] WARN  org.springframework.web.servlet.PageNotFound - No mapping for GET /index.html
2022-04-13 11:43:48.896 [http-nio-80-exec-2] WARN  org.springframework.web.servlet.PageNotFound - No mapping for GET /favicon.ico
2022-04-13 11:43:54.792 [http-nio-80-exec-3] WARN  org.springframework.web.servlet.PageNotFound - No mapping for GET /index
2022-04-13 11:47:06.417 [http-nio-80-exec-6] WARN  org.springframework.web.servlet.PageNotFound - No mapping for GET /index
2022-04-13 11:47:18.791 [http-nio-80-exec-1] WARN  org.springframework.web.servlet.PageNotFound - No mapping for GET /index
2022-04-13 11:47:22.214 [http-nio-80-exec-2] WARN  org.springframework.web.servlet.PageNotFound - No mapping for GET /index.html
2022-04-13 11:48:01.918 [http-nio-80-exec-1] WARN  org.springframework.web.servlet.PageNotFound - No mapping for GET /index.html
2022-04-13 11:48:04.906 [http-nio-80-exec-2] WARN  org.springframework.web.servlet.PageNotFound - No mapping for GET /index
2022-04-13 11:50:18.540 [http-nio-80-exec-1] WARN  org.springframework.web.servlet.PageNotFound - No mapping for GET /index
2022-04-13 11:50:21.758 [http-nio-80-exec-2] WARN  org.springframework.web.servlet.PageNotFound - No mapping for GET /index
2022-04-13 11:50:25.059 [http-nio-80-exec-3] WARN  org.springframework.web.servlet.PageNotFound - No mapping for GET /index.html
2022-04-13 11:50:49.875 [http-nio-80-exec-1] WARN  org.springframework.web.servlet.PageNotFound - No mapping for GET /1
2022-04-13 11:52:01.200 [http-nio-80-exec-1] WARN  org.springframework.web.servlet.PageNotFound - No mapping for GET /aaa
2022-04-13 11:52:21.609 [http-nio-80-exec-2] WARN  org.springframework.web.servlet.PageNotFound - No mapping for GET /static/index.html
2022-04-13 11:52:23.720 [http-nio-80-exec-3] WARN  org.springframework.web.servlet.PageNotFound - No mapping for GET /static/index.html
2022-04-13 11:52:24.581 [http-nio-80-exec-4] WARN  org.springframework.web.servlet.PageNotFound - No mapping for GET /static/index.html
2022-04-13 11:52:25.100 [http-nio-80-exec-5] WARN  org.springframework.web.servlet.PageNotFound - No mapping for GET /static/index.html
2022-04-13 11:52:25.471 [http-nio-80-exec-6] WARN  org.springframework.web.servlet.PageNotFound - No mapping for GET /static/index.html
2022-04-13 11:52:26.075 [http-nio-80-exec-7] WARN  org.springframework.web.servlet.PageNotFound - No mapping for GET /static/index.html
2022-04-13 11:58:33.090 [http-nio-80-exec-1] WARN  org.springframework.web.servlet.PageNotFound - No mapping for GET /index.html
2022-04-13 11:58:33.663 [http-nio-80-exec-2] WARN  org.springframework.web.servlet.PageNotFound - No mapping for GET /index.html
2022-04-13 11:58:33.799 [http-nio-80-exec-3] WARN  org.springframework.web.servlet.PageNotFound - No mapping for GET /index.html
2022-04-13 12:00:24.492 [http-nio-80-exec-1] WARN  org.springframework.web.servlet.PageNotFound - No mapping for GET /index.html
2022-04-13 12:00:24.935 [http-nio-80-exec-2] WARN  org.springframework.web.servlet.PageNotFound - No mapping for GET /index.html
2022-04-13 12:00:25.074 [http-nio-80-exec-3] WARN  org.springframework.web.servlet.PageNotFound - No mapping for GET /index.html
2022-04-13 12:00:32.071 [http-nio-80-exec-4] WARN  org.springframework.web.servlet.PageNotFound - No mapping for GET /file/index.html
2022-04-13 12:02:35.169 [http-nio-80-exec-1] WARN  org.springframework.web.servlet.PageNotFound - No mapping for GET /index.html
2022-04-13 12:02:35.372 [http-nio-80-exec-5] WARN  org.springframework.web.servlet.PageNotFound - No mapping for GET /favicon.ico
2022-04-13 12:05:09.593 [http-nio-80-exec-1] WARN  org.springframework.web.servlet.PageNotFound - No mapping for POST /User/login
2022-04-13 12:14:00.141 [http-nio-80-exec-7] WARN  o.s.w.s.m.support.DefaultHandlerExceptionResolver - Resolved [org.springframework.web.HttpRequestMethodNotSupportedException: Request method 'POST' not supported]
2022-04-13 12:14:15.933 [http-nio-80-exec-4] WARN  o.s.w.s.m.support.DefaultHandlerExceptionResolver - Resolved [org.springframework.web.HttpRequestMethodNotSupportedException: Request method 'POST' not supported]
2022-04-13 12:15:16.649 [http-nio-80-exec-1] WARN  o.s.w.s.m.support.DefaultHandlerExceptionResolver - Resolved [org.springframework.web.HttpRequestMethodNotSupportedException: Request method 'POST' not supported]
2022-04-13 12:17:03.911 [http-nio-80-exec-1] WARN  o.s.w.s.m.support.DefaultHandlerExceptionResolver - Resolved [org.springframework.web.HttpRequestMethodNotSupportedException: Request method 'POST' not supported]
2022-04-13 12:17:15.180 [http-nio-80-exec-8] WARN  o.s.w.s.m.support.DefaultHandlerExceptionResolver - Resolved [org.springframework.web.HttpRequestMethodNotSupportedException: Request method 'POST' not supported]
2022-04-13 12:19:37.080 [http-nio-80-exec-2] WARN  o.s.w.s.m.support.DefaultHandlerExceptionResolver - Resolved [org.springframework.web.HttpRequestMethodNotSupportedException: Request method 'POST' not supported]
2022-04-13 12:19:44.253 [http-nio-80-exec-10] WARN  o.s.w.s.m.support.DefaultHandlerExceptionResolver - Resolved [org.springframework.web.HttpRequestMethodNotSupportedException: Request method 'POST' not supported]
2022-04-13 12:21:28.293 [http-nio-80-exec-9] WARN  o.s.w.s.m.support.DefaultHandlerExceptionResolver - Resolved [org.springframework.web.HttpRequestMethodNotSupportedException: Request method 'POST' not supported]
2022-04-13 12:21:45.236 [http-nio-80-exec-1] WARN  o.s.w.s.m.support.DefaultHandlerExceptionResolver - Resolved [org.springframework.web.HttpRequestMethodNotSupportedException: Request method 'POST' not supported]
2022-04-13 12:21:52.074 [http-nio-80-exec-8] WARN  o.s.w.s.m.support.DefaultHandlerExceptionResolver - Resolved [org.springframework.web.HttpRequestMethodNotSupportedException: Request method 'POST' not supported]
2022-04-13 12:26:16.445 [http-nio-80-exec-7] WARN  o.s.w.s.m.support.DefaultHandlerExceptionResolver - Resolved [org.springframework.web.HttpRequestMethodNotSupportedException: Request method 'POST' not supported]
2022-04-13 12:27:35.374 [http-nio-80-exec-7] WARN  o.s.w.s.m.support.DefaultHandlerExceptionResolver - Resolved [org.springframework.web.HttpRequestMethodNotSupportedException: Request method 'POST' not supported]
2022-04-13 12:27:53.289 [http-nio-80-exec-1] WARN  o.s.w.s.m.support.DefaultHandlerExceptionResolver - Resolved [org.springframework.web.HttpRequestMethodNotSupportedException: Request method 'POST' not supported]
2022-04-13 12:27:58.795 [http-nio-80-exec-8] WARN  o.s.w.s.m.support.DefaultHandlerExceptionResolver - Resolved [org.springframework.web.HttpRequestMethodNotSupportedException: Request method 'POST' not supported]
2022-04-13 12:31:02.120 [http-nio-80-exec-3] WARN  o.s.w.s.m.support.DefaultHandlerExceptionResolver - Resolved [org.springframework.web.HttpRequestMethodNotSupportedException: Request method 'POST' not supported]
2022-04-13 12:32:33.904 [http-nio-80-exec-2] WARN  org.springframework.web.servlet.PageNotFound - No mapping for GET /favicon.ico
2022-04-13 12:33:42.077 [http-nio-80-exec-8] WARN  o.s.w.s.m.support.DefaultHandlerExceptionResolver - Resolved [org.springframework.web.HttpRequestMethodNotSupportedException: Request method 'POST' not supported]
2022-04-13 12:33:51.974 [http-nio-80-exec-10] WARN  o.s.w.s.m.support.DefaultHandlerExceptionResolver - Resolved [org.springframework.web.HttpRequestMethodNotSupportedException: Request method 'POST' not supported]
2022-04-13 12:34:08.807 [http-nio-80-exec-4] WARN  o.s.w.s.m.support.DefaultHandlerExceptionResolver - Resolved [org.springframework.web.HttpRequestMethodNotSupportedException: Request method 'POST' not supported]
2022-04-13 12:35:38.706 [http-nio-80-exec-10] WARN  o.s.w.s.m.support.DefaultHandlerExceptionResolver - Resolved [org.springframework.web.HttpRequestMethodNotSupportedException: Request method 'POST' not supported]
2022-04-13 12:35:46.828 [http-nio-80-exec-4] WARN  o.s.w.s.m.support.DefaultHandlerExceptionResolver - Resolved [org.springframework.web.HttpRequestMethodNotSupportedException: Request method 'POST' not supported]
2022-04-13 12:36:45.411 [http-nio-80-exec-5] WARN  o.s.w.s.m.support.DefaultHandlerExceptionResolver - Resolved [org.springframework.web.HttpRequestMethodNotSupportedException: Request method 'POST' not supported]
2022-04-13 12:37:21.408 [http-nio-80-exec-2] WARN  o.s.w.s.m.support.DefaultHandlerExceptionResolver - Resolved [org.springframework.web.HttpRequestMethodNotSupportedException: Request method 'POST' not supported]
2022-04-13 13:32:38.467 [http-nio-80-exec-3] WARN  o.s.w.s.m.support.DefaultHandlerExceptionResolver - Resolved [org.springframework.web.HttpRequestMethodNotSupportedException: Request method 'POST' not supported]
2022-04-13 13:32:38.535 [http-nio-80-exec-4] WARN  org.springframework.web.servlet.PageNotFound - No mapping for GET /favicon.ico
2022-04-13 13:37:34.345 [http-nio-80-exec-9] WARN  o.s.w.s.m.support.DefaultHandlerExceptionResolver - Resolved [org.springframework.web.HttpRequestMethodNotSupportedException: Request method 'POST' not supported]
2022-04-13 13:40:25.421 [http-nio-80-exec-7] WARN  o.s.w.s.m.support.DefaultHandlerExceptionResolver - Resolved [org.springframework.web.HttpRequestMethodNotSupportedException: Request method 'POST' not supported]
2022-04-13 13:41:19.875 [http-nio-80-exec-6] WARN  o.s.w.s.m.support.DefaultHandlerExceptionResolver - Resolved [org.springframework.web.HttpRequestMethodNotSupportedException: Request method 'POST' not supported]
2022-04-13 13:41:26.483 [http-nio-80-exec-2] WARN  o.s.w.s.m.support.DefaultHandlerExceptionResolver - Resolved [org.springframework.web.HttpRequestMethodNotSupportedException: Request method 'POST' not supported]
2022-04-13 13:41:55.085 [http-nio-80-exec-4] WARN  o.s.w.s.m.support.DefaultHandlerExceptionResolver - Resolved [org.springframework.web.HttpRequestMethodNotSupportedException: Request method 'POST' not supported]
2022-04-13 13:42:02.057 [http-nio-80-exec-7] WARN  o.s.w.s.m.support.DefaultHandlerExceptionResolver - Resolved [org.springframework.web.HttpRequestMethodNotSupportedException: Request method 'POST' not supported]
2022-04-13 13:45:01.247 [http-nio-80-exec-3] WARN  o.s.w.s.m.support.DefaultHandlerExceptionResolver - Resolved [org.springframework.web.HttpRequestMethodNotSupportedException: Request method 'POST' not supported]
2022-04-13 13:47:03.832 [http-nio-80-exec-4] WARN  o.s.w.s.m.support.DefaultHandlerExceptionResolver - Resolved [org.springframework.web.HttpRequestMethodNotSupportedException: Request method 'POST' not supported]
2022-04-13 13:50:26.405 [http-nio-80-exec-2] WARN  org.springframework.web.servlet.PageNotFound - No mapping for POST /User/login
2022-04-13 13:50:28.449 [http-nio-80-exec-3] WARN  org.springframework.web.servlet.PageNotFound - No mapping for POST /User/login
2022-04-13 13:50:31.586 [http-nio-80-exec-4] WARN  org.springframework.web.servlet.PageNotFound - No mapping for POST /User/login
2022-04-13 13:50:32.008 [http-nio-80-exec-5] WARN  org.springframework.web.servlet.PageNotFound - No mapping for POST /User/login
2022-04-13 13:50:32.160 [http-nio-80-exec-6] WARN  org.springframework.web.servlet.PageNotFound - No mapping for POST /User/login
2022-04-13 13:50:32.312 [http-nio-80-exec-7] WARN  org.springframework.web.servlet.PageNotFound - No mapping for POST /User/login
2022-04-13 13:50:32.445 [http-nio-80-exec-8] WARN  org.springframework.web.servlet.PageNotFound - No mapping for POST /User/login
2022-04-13 13:50:41.040 [http-nio-80-exec-9] WARN  org.springframework.web.servlet.PageNotFound - No mapping for POST /User/login
2022-04-13 13:50:41.931 [http-nio-80-exec-10] WARN  org.springframework.web.servlet.PageNotFound - No mapping for POST /User/login
2022-04-13 13:50:42.096 [http-nio-80-exec-1] WARN  org.springframework.web.servlet.PageNotFound - No mapping for POST /User/login
2022-04-13 13:50:42.252 [http-nio-80-exec-2] WARN  org.springframework.web.servlet.PageNotFound - No mapping for POST /User/login
2022-04-13 14:05:09.853 [main] WARN  o.s.b.w.s.c.AnnotationConfigServletWebServerApplicationContext - Exception encountered during context initialization - cancelling refresh attempt: org.springframework.beans.factory.BeanDefinitionStoreException: Failed to parse configuration class [com.rachein.demo.DemoApplication]; nested exception is org.springframework.context.annotation.ConflictingBeanDefinitionException: Annotation-specified bean name 'globalExceptionHandler' for bean class [com.rachein.demo.interception.GlobalExceptionHandler] conflicts with existing, non-compatible bean definition of same name and class [com.rachein.demo.excpetors.GlobalExceptionHandler]
2022-04-13 14:05:52.263 [main] WARN  o.s.b.w.s.c.AnnotationConfigServletWebServerApplicationContext - Exception encountered during context initialization - cancelling refresh attempt: org.springframework.beans.factory.BeanDefinitionStoreException: Failed to parse configuration class [com.rachein.demo.DemoApplication]; nested exception is org.springframework.context.annotation.ConflictingBeanDefinitionException: Annotation-specified bean name 'globalExceptionHandler' for bean class [com.rachein.demo.interception.GlobalExceptionHandler] conflicts with existing, non-compatible bean definition of same name and class [com.rachein.demo.excpetors.GlobalExceptionHandler]
2022-04-13 14:07:37.666 [main] WARN  o.s.b.w.s.c.AnnotationConfigServletWebServerApplicationContext - Exception encountered during context initialization - cancelling refresh attempt: org.springframework.beans.factory.BeanDefinitionStoreException: Failed to parse configuration class [com.rachein.demo.DemoApplication]; nested exception is org.springframework.context.annotation.ConflictingBeanDefinitionException: Annotation-specified bean name 'globalExceptionHandler' for bean class [com.rachein.demo.interception.GlobalExceptionHandler] conflicts with existing, non-compatible bean definition of same name and class [com.rachein.demo.excpetors.GlobalExceptionHandler]
2022-04-13 14:12:39.880 [http-nio-80-exec-5] WARN  org.springframework.web.servlet.PageNotFound - No mapping for GET /course/get/all
2022-04-13 15:17:53.196 [http-nio-80-exec-5] WARN  org.springframework.web.servlet.PageNotFound - No mapping for GET /course/entry/
2022-04-13 15:41:17.163 [http-nio-80-exec-7] WARN  org.springframework.web.servlet.PageNotFound - No mapping for GET /favicon.ico
2022-04-13 16:06:00.638 [http-nio-80-exec-2] WARN  org.springframework.web.servlet.PageNotFound - No mapping for GET /favicon.ico
2022-04-13 16:07:38.792 [http-nio-80-exec-6] WARN  org.springframework.web.servlet.PageNotFound - No mapping for GET /favicon.ico
2022-04-13 17:34:44.460 [http-nio-80-exec-2] WARN  org.springframework.web.servlet.PageNotFound - No mapping for GET /favicon.ico
2022-04-13 17:37:52.096 [http-nio-80-exec-8] WARN  org.springframework.web.servlet.PageNotFound - No mapping for GET /
2022-04-13 20:24:22.976 [http-nio-80-exec-1] WARN  org.springframework.web.servlet.PageNotFound - No mapping for GET /index.html
2022-04-13 20:24:23.187 [http-nio-80-exec-2] WARN  org.springframework.web.servlet.PageNotFound - No mapping for GET /favicon.ico
2022-04-13 20:30:52.896 [http-nio-80-exec-1] WARN  org.springframework.web.servlet.PageNotFound - No mapping for GET /index.html
